Determining if the pthread_create exist failed with the following output:
Change Dir: /home/phu/Documents/resnetnode/build/CMakeFiles/CMakeTmp

Run Build Command:"/usr/bin/make" "cmTC_4cd48/fast"
/usr/bin/make -f CMakeFiles/cmTC_4cd48.dir/build.make CMakeFiles/cmTC_4cd48.dir/build
make[1]: Entering directory '/home/phu/Documents/resnetnode/build/CMakeFiles/CMakeTmp'
Building C object CMakeFiles/cmTC_4cd48.dir/CheckSymbolExists.c.o
/usr/bin/cc     -o CMakeFiles/cmTC_4cd48.dir/CheckSymbolExists.c.o   -c /home/phu/Documents/resnetnode/build/CMakeFiles/CMakeTmp/CheckSymbolExists.c
Linking C executable cmTC_4cd48
/usr/bin/cmake -E cmake_link_script CMakeFiles/cmTC_4cd48.dir/link.txt --verbose=1
/usr/bin/cc       CMakeFiles/cmTC_4cd48.dir/CheckSymbolExists.c.o  -o cmTC_4cd48 -rdynamic 
CMakeFiles/cmTC_4cd48.dir/CheckSymbolExists.c.o: In function `main':
CheckSymbolExists.c:(.text+0x16): undefined reference to `pthread_create'
collect2: error: ld returned 1 exit status
CMakeFiles/cmTC_4cd48.dir/build.make:97: recipe for target 'cmTC_4cd48' failed
make[1]: *** [cmTC_4cd48] Error 1
make[1]: Leaving directory '/home/phu/Documents/resnetnode/build/CMakeFiles/CMakeTmp'
Makefile:126: recipe for target 'cmTC_4cd48/fast' failed
make: *** [cmTC_4cd48/fast] Error 2

File /home/phu/Documents/resnetnode/build/CMakeFiles/CMakeTmp/CheckSymbolExists.c:
/* */
#include <pthread.h>

int main(int argc, char** argv)
{
  (void)argv;
#ifndef pthread_create
  return ((int*)(&pthread_create))[argc];
#else
  (void)argc;
  return 0;
#endif
}

Determining if the function pthread_create exists in the pthreads failed with the following output:
Change Dir: /home/phu/Documents/resnetnode/build/CMakeFiles/CMakeTmp

Run Build Command:"/usr/bin/make" "cmTC_94f3d/fast"
/usr/bin/make -f CMakeFiles/cmTC_94f3d.dir/build.make CMakeFiles/cmTC_94f3d.dir/build
make[1]: Entering directory '/home/phu/Documents/resnetnode/build/CMakeFiles/CMakeTmp'
Building C object CMakeFiles/cmTC_94f3d.dir/CheckFunctionExists.c.o
/usr/bin/cc    -DCHECK_FUNCTION_EXISTS=pthread_create   -o CMakeFiles/cmTC_94f3d.dir/CheckFunctionExists.c.o   -c /usr/share/cmake-3.5/Modules/CheckFunctionExists.c
Linking C executable cmTC_94f3d
/usr/bin/cmake -E cmake_link_script CMakeFiles/cmTC_94f3d.dir/link.txt --verbose=1
/usr/bin/cc   -DCHECK_FUNCTION_EXISTS=pthread_create    CMakeFiles/cmTC_94f3d.dir/CheckFunctionExists.c.o  -o cmTC_94f3d -rdynamic -lpthreads 
/usr/bin/ld: cannot find -lpthreads
collect2: error: ld returned 1 exit status
CMakeFiles/cmTC_94f3d.dir/build.make:97: recipe for target 'cmTC_94f3d' failed
make[1]: *** [cmTC_94f3d] Error 1
make[1]: Leaving directory '/home/phu/Documents/resnetnode/build/CMakeFiles/CMakeTmp'
Makefile:126: recipe for target 'cmTC_94f3d/fast' failed
make: *** [cmTC_94f3d/fast] Error 2


